
The following files have been resolved:
   org.eclipse.jetty:jetty-http:jar:9.4.31.v20200723:compile
   org.eclipse.jetty:jetty-security:jar:9.4.31.v20200723:compile
   org.eclipse.jetty:jetty-io:jar:9.4.31.v20200723:compile
   org.slf4j:slf4j-simple:jar:1.7.36:compile
   org.eclipse.jetty:jetty-webapp:jar:9.4.31.v20200723:compile
   commons-collections:commons-collections:jar:3.2.1:compile
   commons-lang:commons-lang:jar:2.4:compile
   org.eclipse.jetty:jetty-server:jar:9.4.31.v20200723:compile
   org.eclipse.jetty.websocket:websocket-client:jar:9.4.31.v20200723:compile
   org.eclipse.jetty.websocket:websocket-common:jar:9.4.31.v20200723:compile
   org.eclipse.jetty:jetty-servlet:jar:9.4.31.v20200723:compile
   org.checkerframework:checker-qual:jar:3.5.0:runtime
   org.eclipse.jetty.websocket:websocket-servlet:jar:9.4.31.v20200723:compile
   org.eclipse.jetty:jetty-xml:jar:9.4.31.v20200723:compile
   org.sql2o:sql2o:jar:1.6.0:compile
   org.eclipse.jetty.websocket:websocket-api:jar:9.4.31.v20200723:compile
   org.eclipse.jetty:jetty-client:jar:9.4.31.v20200723:compile
   javax.servlet:javax.servlet-api:jar:3.1.0:compile
   org.eclipse.jetty.websocket:websocket-server:jar:9.4.31.v20200723:compile
   com.sparkjava:spark-core:jar:2.9.3:compile
   org.slf4j:slf4j-api:jar:1.7.25:compile
   org.postgresql:postgresql:jar:42.3.3:compile
   com.google.code.gson:gson:jar:2.9.0:compile
   org.eclipse.jetty:jetty-util:jar:9.4.31.v20200723:compile
   org.apache.velocity:velocity:jar:1.7:compile

